<?xml version="1.0" encoding="UTF-8"?>
<testng-results skipped="0" failed="0" total="1" passed="1">
  <reporter-output>
  </reporter-output>
  <suite name="Suite" duration-ms="29138" started-at="2016-09-14T02:26:29Z" finished-at="2016-09-14T02:26:58Z">
    <groups>
    </groups>
    <test name="Test" duration-ms="29138" started-at="2016-09-14T02:26:29Z" finished-at="2016-09-14T02:26:58Z">
      <class name="firsttestngpackage.FirstTestNGFile">
        <test-method status="PASS" signature="beforeTest()[pri:0, instance:firsttestngpackage.FirstTestNGFile@3b81a1bc]" name="beforeTest" is-config="true" duration-ms="18427" started-at="2016-09-14T10:26:29Z" finished-at="2016-09-14T10:26:48Z">
          <reporter-output>
          </reporter-output>
        </test-method> <!-- beforeTest -->
        <test-method status="PASS" signature="verifyHomepageTitle()[pri:0, instance:firsttestngpackage.FirstTestNGFile@3b81a1bc]" name="verifyHomepageTitle" duration-ms="9687" started-at="2016-09-14T10:26:48Z" finished-at="2016-09-14T10:26:58Z">
          <reporter-output>
          </reporter-output>
        </test-method> <!-- verifyHomepageTitle -->
        <test-method status="PASS" signature="afterTest()[pri:0, instance:firsttestngpackage.FirstTestNGFile@3b81a1bc]" name="afterTest" is-config="true" duration-ms="427" started-at="2016-09-14T10:26:58Z" finished-at="2016-09-14T10:26:58Z">
          <reporter-output>
          </reporter-output>
        </test-method> <!-- afterTest -->
      </class> <!-- firsttestngpackage.FirstTestNGFile -->
    </test> <!-- Test -->
  </suite> <!-- Suite -->
</testng-results>
